2025-01-18 23:31:16,850 - product.py_2025-01-18_23-31-16.log - INFO - Successfully connected to MySQL!
2025-01-18 23:31:16,850 - product.py_2025-01-18_23-31-16.log - INFO - 
                SELECT TABLE_NAME
                FROM information_schema.tables
                WHERE table_schema = 'OLTP_ARCHANA'
                ORDER BY CREATE_TIME;
            
2025-01-18 23:31:16,850 - product.py_2025-01-18_23-31-16.log - INFO - Fetched all results.
2025-01-18 23:31:16,850 - product.py_2025-01-18_23-31-16.log - INFO - Tables found: ['category', 'country', 'customer', 'subcategory', 'product', 'region', 'store', 'sales']
2025-01-18 23:31:16,850 - product.py_2025-01-18_23-31-16.log - INFO - 
              SELECT * from OLTP_ARCHANA.category
        
2025-01-18 23:31:16,850 - product.py_2025-01-18_23-31-16.log - INFO - Fetched all results.
2025-01-18 23:31:16,855 - product.py_2025-01-18_23-31-16.log - INFO - Data exported to products.csv
2025-01-18 23:31:16,856 - product.py_2025-01-18_23-31-16.log - INFO - 
            LOAD DATA INFILE 'C:/ProgramData/MySQL/MySQL Server 8.0/Uploads/category.csv'
            INTO TABLE OLAP_ARCHANA_STG.category
            FIELDS TERMINATED BY ','  
            ENCLOSED BY '"'           
            LINES TERMINATED BY '
'  
            IGNORE 1 LINES;
            
2025-01-18 23:31:16,856 - product.py_2025-01-18_23-31-16.log - INFO - Data loaded successfully into the staging table.
2025-01-18 23:31:16,856 - product.py_2025-01-18_23-31-16.log - INFO - 
              SELECT * from OLTP_ARCHANA.country
        
2025-01-18 23:31:16,856 - product.py_2025-01-18_23-31-16.log - INFO - Fetched all results.
2025-01-18 23:31:16,856 - product.py_2025-01-18_23-31-16.log - INFO - Data exported to products.csv
2025-01-18 23:31:16,856 - product.py_2025-01-18_23-31-16.log - INFO - 
            LOAD DATA INFILE 'C:/ProgramData/MySQL/MySQL Server 8.0/Uploads/country.csv'
            INTO TABLE OLAP_ARCHANA_STG.country
            FIELDS TERMINATED BY ','  
            ENCLOSED BY '"'           
            LINES TERMINATED BY '
'  
            IGNORE 1 LINES;
            
2025-01-18 23:31:16,876 - product.py_2025-01-18_23-31-16.log - INFO - Data loaded successfully into the staging table.
2025-01-18 23:31:16,876 - product.py_2025-01-18_23-31-16.log - INFO - 
              SELECT * from OLTP_ARCHANA.customer
        
2025-01-18 23:31:16,876 - product.py_2025-01-18_23-31-16.log - INFO - Fetched all results.
2025-01-18 23:31:16,876 - product.py_2025-01-18_23-31-16.log - INFO - Data exported to products.csv
2025-01-18 23:31:16,876 - product.py_2025-01-18_23-31-16.log - INFO - 
            LOAD DATA INFILE 'C:/ProgramData/MySQL/MySQL Server 8.0/Uploads/customer.csv'
            INTO TABLE OLAP_ARCHANA_STG.customer
            FIELDS TERMINATED BY ','  
            ENCLOSED BY '"'           
            LINES TERMINATED BY '
'  
            IGNORE 1 LINES;
            
2025-01-18 23:31:16,876 - product.py_2025-01-18_23-31-16.log - INFO - Data loaded successfully into the staging table.
2025-01-18 23:31:16,876 - product.py_2025-01-18_23-31-16.log - INFO - 
              SELECT * from OLTP_ARCHANA.subcategory
        
2025-01-18 23:31:16,876 - product.py_2025-01-18_23-31-16.log - INFO - Fetched all results.
2025-01-18 23:31:16,876 - product.py_2025-01-18_23-31-16.log - INFO - Data exported to products.csv
2025-01-18 23:31:16,876 - product.py_2025-01-18_23-31-16.log - INFO - 
            LOAD DATA INFILE 'C:/ProgramData/MySQL/MySQL Server 8.0/Uploads/subcategory.csv'
            INTO TABLE OLAP_ARCHANA_STG.subcategory
            FIELDS TERMINATED BY ','  
            ENCLOSED BY '"'           
            LINES TERMINATED BY '
'  
            IGNORE 1 LINES;
            
2025-01-18 23:31:16,892 - product.py_2025-01-18_23-31-16.log - INFO - Data loaded successfully into the staging table.
2025-01-18 23:31:16,892 - product.py_2025-01-18_23-31-16.log - INFO - 
              SELECT * from OLTP_ARCHANA.product
        
2025-01-18 23:31:16,896 - product.py_2025-01-18_23-31-16.log - INFO - Fetched all results.
2025-01-18 23:31:16,897 - product.py_2025-01-18_23-31-16.log - INFO - Data exported to products.csv
2025-01-18 23:31:16,898 - product.py_2025-01-18_23-31-16.log - INFO - 
            LOAD DATA INFILE 'C:/ProgramData/MySQL/MySQL Server 8.0/Uploads/product.csv'
            INTO TABLE OLAP_ARCHANA_STG.product
            FIELDS TERMINATED BY ','  
            ENCLOSED BY '"'           
            LINES TERMINATED BY '
'  
            IGNORE 1 LINES;
            
2025-01-18 23:31:16,905 - product.py_2025-01-18_23-31-16.log - INFO - Data loaded successfully into the staging table.
2025-01-18 23:31:16,905 - product.py_2025-01-18_23-31-16.log - INFO - 
              SELECT * from OLTP_ARCHANA.region
        
2025-01-18 23:31:16,910 - product.py_2025-01-18_23-31-16.log - INFO - Fetched all results.
2025-01-18 23:31:16,911 - product.py_2025-01-18_23-31-16.log - INFO - Data exported to products.csv
2025-01-18 23:31:16,911 - product.py_2025-01-18_23-31-16.log - INFO - 
            LOAD DATA INFILE 'C:/ProgramData/MySQL/MySQL Server 8.0/Uploads/region.csv'
            INTO TABLE OLAP_ARCHANA_STG.region
            FIELDS TERMINATED BY ','  
            ENCLOSED BY '"'           
            LINES TERMINATED BY '
'  
            IGNORE 1 LINES;
            
2025-01-18 23:31:16,915 - product.py_2025-01-18_23-31-16.log - INFO - Data loaded successfully into the staging table.
2025-01-18 23:31:16,915 - product.py_2025-01-18_23-31-16.log - INFO - 
              SELECT * from OLTP_ARCHANA.store
        
2025-01-18 23:31:16,915 - product.py_2025-01-18_23-31-16.log - INFO - Fetched all results.
2025-01-18 23:31:16,917 - product.py_2025-01-18_23-31-16.log - INFO - Data exported to products.csv
2025-01-18 23:31:16,917 - product.py_2025-01-18_23-31-16.log - INFO - 
            LOAD DATA INFILE 'C:/ProgramData/MySQL/MySQL Server 8.0/Uploads/store.csv'
            INTO TABLE OLAP_ARCHANA_STG.store
            FIELDS TERMINATED BY ','  
            ENCLOSED BY '"'           
            LINES TERMINATED BY '
'  
            IGNORE 1 LINES;
            
2025-01-18 23:31:16,921 - product.py_2025-01-18_23-31-16.log - INFO - Data loaded successfully into the staging table.
2025-01-18 23:31:16,921 - product.py_2025-01-18_23-31-16.log - INFO - 
              SELECT * from OLTP_ARCHANA.sales
        
2025-01-18 23:31:16,922 - product.py_2025-01-18_23-31-16.log - INFO - Fetched all results.
2025-01-18 23:31:16,924 - product.py_2025-01-18_23-31-16.log - INFO - Data exported to products.csv
2025-01-18 23:31:16,925 - product.py_2025-01-18_23-31-16.log - INFO - 
            LOAD DATA INFILE 'C:/ProgramData/MySQL/MySQL Server 8.0/Uploads/sales.csv'
            INTO TABLE OLAP_ARCHANA_STG.sales
            FIELDS TERMINATED BY ','  
            ENCLOSED BY '"'           
            LINES TERMINATED BY '
'  
            IGNORE 1 LINES;
            
2025-01-18 23:31:16,927 - product.py_2025-01-18_23-31-16.log - INFO - Data loaded successfully into the staging table.
2025-01-18 23:31:16,927 - product.py_2025-01-18_23-31-16.log - INFO - Connection closed.
