2025-01-18 22:52:37,932 - product.py_2025-01-18_22-52-37.log - INFO - Successfully connected to MySQL!
2025-01-18 22:52:37,932 - product.py_2025-01-18_22-52-37.log - INFO - SHOW TABLES FROM OLTP_ARCHANA
2025-01-18 22:52:37,932 - product.py_2025-01-18_22-52-37.log - INFO - Fetched all results.
2025-01-18 22:52:37,932 - product.py_2025-01-18_22-52-37.log - INFO - Tables found: ['category', 'country', 'customer', 'product', 'region', 'sales', 'store', 'subcategory']
2025-01-18 22:52:37,932 - product.py_2025-01-18_22-52-37.log - INFO - 
              SELECT * from OLTP_ARCHANA.category
        
2025-01-18 22:52:37,932 - product.py_2025-01-18_22-52-37.log - INFO - Fetched all results.
2025-01-18 22:52:37,947 - product.py_2025-01-18_22-52-37.log - INFO - Data exported to products.csv
2025-01-18 22:52:37,947 - product.py_2025-01-18_22-52-37.log - INFO - 
            LOAD DATA INFILE 'C:/ProgramData/MySQL/MySQL Server 8.0/Uploads/category.csv'
            INTO TABLE OLAP_ARCHANA_STG.category
            FIELDS TERMINATED BY ','  
            ENCLOSED BY '"'           
            LINES TERMINATED BY '
'  
            IGNORE 1 LINES;
            
2025-01-18 22:52:37,957 - product.py_2025-01-18_22-52-37.log - INFO - Data loaded successfully into the staging table.
2025-01-18 22:52:37,957 - product.py_2025-01-18_22-52-37.log - INFO - 
              SELECT * from OLTP_ARCHANA.country
        
2025-01-18 22:52:37,957 - product.py_2025-01-18_22-52-37.log - INFO - Fetched all results.
2025-01-18 22:52:37,957 - product.py_2025-01-18_22-52-37.log - INFO - Data exported to products.csv
2025-01-18 22:52:37,957 - product.py_2025-01-18_22-52-37.log - INFO - 
            LOAD DATA INFILE 'C:/ProgramData/MySQL/MySQL Server 8.0/Uploads/country.csv'
            INTO TABLE OLAP_ARCHANA_STG.country
            FIELDS TERMINATED BY ','  
            ENCLOSED BY '"'           
            LINES TERMINATED BY '
'  
            IGNORE 1 LINES;
            
2025-01-18 22:52:37,957 - product.py_2025-01-18_22-52-37.log - INFO - Data loaded successfully into the staging table.
2025-01-18 22:52:37,957 - product.py_2025-01-18_22-52-37.log - INFO - 
              SELECT * from OLTP_ARCHANA.customer
        
2025-01-18 22:52:37,957 - product.py_2025-01-18_22-52-37.log - INFO - Fetched all results.
2025-01-18 22:52:37,967 - product.py_2025-01-18_22-52-37.log - INFO - Data exported to products.csv
2025-01-18 22:52:37,967 - product.py_2025-01-18_22-52-37.log - INFO - 
            LOAD DATA INFILE 'C:/ProgramData/MySQL/MySQL Server 8.0/Uploads/customer.csv'
            INTO TABLE OLAP_ARCHANA_STG.customer
            FIELDS TERMINATED BY ','  
            ENCLOSED BY '"'           
            LINES TERMINATED BY '
'  
            IGNORE 1 LINES;
            
2025-01-18 22:52:37,976 - product.py_2025-01-18_22-52-37.log - INFO - Data loaded successfully into the staging table.
2025-01-18 22:52:37,977 - product.py_2025-01-18_22-52-37.log - INFO - 
              SELECT * from OLTP_ARCHANA.product
        
2025-01-18 22:52:37,978 - product.py_2025-01-18_22-52-37.log - INFO - Fetched all results.
2025-01-18 22:52:37,979 - product.py_2025-01-18_22-52-37.log - INFO - Data exported to products.csv
2025-01-18 22:52:37,980 - product.py_2025-01-18_22-52-37.log - INFO - 
            LOAD DATA INFILE 'C:/ProgramData/MySQL/MySQL Server 8.0/Uploads/product.csv'
            INTO TABLE OLAP_ARCHANA_STG.product
            FIELDS TERMINATED BY ','  
            ENCLOSED BY '"'           
            LINES TERMINATED BY '
'  
            IGNORE 1 LINES;
            
2025-01-18 22:52:37,982 - product.py_2025-01-18_22-52-37.log - ERROR - Error loading data: 1452 (23000): Cannot add or update a child row: a foreign key constraint fails (`olap_archana_stg`.`product`, CONSTRAINT `product_ibfk_1` FOREIGN KEY (`SUBCATEGORY_ID`) REFERENCES `subcategory` (`ID`))
2025-01-18 22:52:37,983 - product.py_2025-01-18_22-52-37.log - INFO - 
              SELECT * from OLTP_ARCHANA.region
        
2025-01-18 22:52:37,983 - product.py_2025-01-18_22-52-37.log - INFO - Fetched all results.
2025-01-18 22:52:37,985 - product.py_2025-01-18_22-52-37.log - INFO - Data exported to products.csv
2025-01-18 22:52:37,985 - product.py_2025-01-18_22-52-37.log - INFO - 
            LOAD DATA INFILE 'C:/ProgramData/MySQL/MySQL Server 8.0/Uploads/region.csv'
            INTO TABLE OLAP_ARCHANA_STG.region
            FIELDS TERMINATED BY ','  
            ENCLOSED BY '"'           
            LINES TERMINATED BY '
'  
            IGNORE 1 LINES;
            
2025-01-18 22:52:37,995 - product.py_2025-01-18_22-52-37.log - INFO - Data loaded successfully into the staging table.
2025-01-18 22:52:37,995 - product.py_2025-01-18_22-52-37.log - INFO - 
              SELECT * from OLTP_ARCHANA.sales
        
2025-01-18 22:52:37,996 - product.py_2025-01-18_22-52-37.log - INFO - Fetched all results.
2025-01-18 22:52:37,998 - product.py_2025-01-18_22-52-37.log - INFO - Data exported to products.csv
2025-01-18 22:52:37,999 - product.py_2025-01-18_22-52-37.log - INFO - 
            LOAD DATA INFILE 'C:/ProgramData/MySQL/MySQL Server 8.0/Uploads/sales.csv'
            INTO TABLE OLAP_ARCHANA_STG.sales
            FIELDS TERMINATED BY ','  
            ENCLOSED BY '"'           
            LINES TERMINATED BY '
'  
            IGNORE 1 LINES;
            
2025-01-18 22:52:38,001 - product.py_2025-01-18_22-52-37.log - INFO - Data loaded successfully into the staging table.
2025-01-18 22:52:38,001 - product.py_2025-01-18_22-52-37.log - INFO - 
              SELECT * from OLTP_ARCHANA.store
        
2025-01-18 22:52:38,002 - product.py_2025-01-18_22-52-37.log - INFO - Fetched all results.
2025-01-18 22:52:38,003 - product.py_2025-01-18_22-52-37.log - INFO - Data exported to products.csv
2025-01-18 22:52:38,003 - product.py_2025-01-18_22-52-37.log - INFO - 
            LOAD DATA INFILE 'C:/ProgramData/MySQL/MySQL Server 8.0/Uploads/store.csv'
            INTO TABLE OLAP_ARCHANA_STG.store
            FIELDS TERMINATED BY ','  
            ENCLOSED BY '"'           
            LINES TERMINATED BY '
'  
            IGNORE 1 LINES;
            
2025-01-18 22:52:38,014 - product.py_2025-01-18_22-52-37.log - INFO - Data loaded successfully into the staging table.
2025-01-18 22:52:38,014 - product.py_2025-01-18_22-52-37.log - INFO - 
              SELECT * from OLTP_ARCHANA.subcategory
        
2025-01-18 22:52:38,015 - product.py_2025-01-18_22-52-37.log - INFO - Fetched all results.
2025-01-18 22:52:38,016 - product.py_2025-01-18_22-52-37.log - INFO - Data exported to products.csv
2025-01-18 22:52:38,016 - product.py_2025-01-18_22-52-37.log - INFO - 
            LOAD DATA INFILE 'C:/ProgramData/MySQL/MySQL Server 8.0/Uploads/subcategory.csv'
            INTO TABLE OLAP_ARCHANA_STG.subcategory
            FIELDS TERMINATED BY ','  
            ENCLOSED BY '"'           
            LINES TERMINATED BY '
'  
            IGNORE 1 LINES;
            
2025-01-18 22:52:38,021 - product.py_2025-01-18_22-52-37.log - INFO - Data loaded successfully into the staging table.
2025-01-18 22:52:38,021 - product.py_2025-01-18_22-52-37.log - INFO - Connection closed.
