2025-02-01 23:51:10,792 - sales.py_2025-02-01_23-51-10.log - INFO - Successfully connected to MySQL!
2025-02-01 23:51:10,792 - sales.py_2025-02-01_23-51-10.log - INFO - 
TRUNCATE TABLE OLAP_ARCHANA_TARGET.F_RETAIL_SLS_T ;

2025-02-01 23:51:10,819 - sales.py_2025-02-01_23-51-10.log - INFO - 
INSERT INTO OLAP_ARCHANA_TARGET.F_RETAIL_SLS_T  (SLS_ID,LOCN_KY,DT_KY, PDT_KY, CUSTOMER_KY, TRANSACTION_TIME, QTY, AMT, DSCNT, ROW_INSRT_TMS, ROW_UPDT_TMS)
SELECT 
  S.ID,            
  L.LOCN_KY,
  CA.DAY_KEY,
  P.PDT_KY,                  
  C.CUSTOMER_KY,             
  S.TRANSACTION_TIME,        
  S.QUANTITY AS QTY,         
  S.AMOUNT AS AMT,           
  S.DISCOUNT AS DSCNT,       
  CURRENT_TIMESTAMP,         
  CURRENT_TIMESTAMP          
FROM OLAP_ARCHANA_TEMP.SALES S
LEFT JOIN OLAP_ARCHANA_TARGET.D_RETAIL_PDT_T P ON S.PRODUCT_ID = P.PDT_ID  
LEFT JOIN OLAP_ARCHANA_TARGET.D_RETAIL_CUSTOMER_T C ON S.CUSTOMER_ID = C.CUSTOMER_ID
LEFT JOIN OLAP_ARCHANA_TARGET.D_RETAIL_LOCN_T L ON S.STORE_ID = L.LOCN_ID
LEFT JOIN OLAP_ARCHANA_TARGET.DIM_CALENDAR CA ON DATE(S.TRANSACTION_TIME) = CA.DATE;

2025-02-01 23:51:28,459 - sales.py_2025-02-01_23-51-10.log - INFO - Connection closed.
